2024-02-10 11:21:58,283 INFO  [Log] **************************************************************************************** 
2024-02-10 11:21:58,283 INFO  [Log] **************************************************************************************** 
2024-02-10 11:21:58,285 INFO  [Log] $$$$$$$$$$$$$$$$$$$$$                 My login test case       $$$$$$$$$$$$$$$$$$$$$$$$$ 
2024-02-10 11:21:58,285 INFO  [Log] **************************************************************************************** 
2024-02-10 11:21:58,285 INFO  [Log] **************************************************************************************** 
2024-02-10 11:21:58,285 INFO  [Log] My test case is executing 
2024-02-10 11:21:58,285 INFO  [Log] I am testing log4j functionality 
2024-02-10 11:21:58,406 INFO  [Log] XXXXXXXXXXXXXXXXXXXXXXX             -E---N---D-             XXXXXXXXXXXXXXXXXXXXXX 
2024-02-10 11:21:58,406 INFO  [Log] X 
2024-02-10 11:21:58,406 INFO  [Log] X 
2024-02-10 11:21:58,406 INFO  [Log] X 
2024-02-10 11:21:58,406 INFO  [Log] X 
2024-02-10 19:39:43,928 INFO  [Log] **************************************************************************************** 
2024-02-10 19:39:43,928 INFO  [Log] **************************************************************************************** 
2024-02-10 19:39:43,931 INFO  [Log] $$$$$$$$$$$$$$$$$$$$$                 My login test case       $$$$$$$$$$$$$$$$$$$$$$$$$ 
2024-02-10 19:39:43,931 INFO  [Log] **************************************************************************************** 
2024-02-10 19:39:43,931 INFO  [Log] **************************************************************************************** 
2024-02-10 19:39:43,931 INFO  [Log] My test case is executing 
2024-02-10 19:39:43,931 INFO  [Log] I am testing log4j functionality 
2024-02-10 19:39:44,075 INFO  [Log] XXXXXXXXXXXXXXXXXXXXXXX             -E---N---D-             XXXXXXXXXXXXXXXXXXXXXX 
2024-02-10 19:39:44,075 INFO  [Log] X 
2024-02-10 19:39:44,075 INFO  [Log] X 
2024-02-10 19:39:44,075 INFO  [Log] X 
2024-02-10 19:39:44,075 INFO  [Log] X 
2024-02-10 19:56:26,179 INFO  [Log] **************************************************************************************** 
2024-02-10 19:56:26,180 INFO  [Log] **************************************************************************************** 
2024-02-10 19:56:26,183 INFO  [Log] $$$$$$$$$$$$$$$$$$$$$                 My login test case       $$$$$$$$$$$$$$$$$$$$$$$$$ 
2024-02-10 19:56:26,183 INFO  [Log] **************************************************************************************** 
2024-02-10 19:56:26,183 INFO  [Log] **************************************************************************************** 
2024-02-10 19:56:26,183 INFO  [Log] My test case is executing 
2024-02-10 19:56:26,183 INFO  [Log] I am testing log4j functionality 
2024-02-10 19:56:26,309 INFO  [Log] XXXXXXXXXXXXXXXXXXXXXXX             -E---N---D-             XXXXXXXXXXXXXXXXXXXXXX 
2024-02-10 19:56:26,309 INFO  [Log] X 
2024-02-10 19:56:26,309 INFO  [Log] X 
2024-02-10 19:56:26,309 INFO  [Log] X 
2024-02-10 19:56:26,309 INFO  [Log] X 
2024-02-18 13:17:24,575 INFO  [Log] **************************************************************************************** 
2024-02-18 13:17:24,575 INFO  [Log] **************************************************************************************** 
2024-02-18 13:17:24,577 INFO  [Log] $$$$$$$$$$$$$$$$$$$$$                 My login test case       $$$$$$$$$$$$$$$$$$$$$$$$$ 
2024-02-18 13:17:24,577 INFO  [Log] **************************************************************************************** 
2024-02-18 13:17:24,577 INFO  [Log] **************************************************************************************** 
2024-02-18 13:17:24,577 INFO  [Log] My test case is executing 
2024-02-18 13:17:24,577 INFO  [Log] I am testing log4j functionality 
2024-02-18 13:17:24,701 INFO  [Log] XXXXXXXXXXXXXXXXXXXXXXX             -E---N---D-             XXXXXXXXXXXXXXXXXXXXXX 
2024-02-18 13:17:24,701 INFO  [Log] X 
2024-02-18 13:17:24,701 INFO  [Log] X 
2024-02-18 13:17:24,701 INFO  [Log] X 
2024-02-18 13:17:24,701 INFO  [Log] X 
2024-02-23 16:25:26,702 INFO  [Log] **************************************************************************************** 
2024-02-23 16:25:26,707 INFO  [Log] **************************************************************************************** 
2024-02-23 16:25:26,719 INFO  [Log] $$$$$$$$$$$$$$$$$$$$$                 My login test case       $$$$$$$$$$$$$$$$$$$$$$$$$ 
2024-02-23 16:25:26,719 INFO  [Log] **************************************************************************************** 
2024-02-23 16:25:26,719 INFO  [Log] **************************************************************************************** 
2024-02-23 16:25:26,720 INFO  [Log] My test case is executing 
2024-02-23 16:25:26,720 INFO  [Log] I am testing log4j functionality 
2024-02-23 16:25:26,898 INFO  [Log] XXXXXXXXXXXXXXXXXXXXXXX             -E---N---D-             XXXXXXXXXXXXXXXXXXXXXX 
2024-02-23 16:25:26,898 INFO  [Log] X 
2024-02-23 16:25:26,898 INFO  [Log] X 
2024-02-23 16:25:26,898 INFO  [Log] X 
2024-02-23 16:25:26,898 INFO  [Log] X 
2024-02-24 13:47:42,532 INFO  [Log] **************************************************************************************** 
2024-02-24 13:47:42,532 INFO  [Log] **************************************************************************************** 
2024-02-24 13:47:42,534 INFO  [Log] $$$$$$$$$$$$$$$$$$$$$                 My login test case       $$$$$$$$$$$$$$$$$$$$$$$$$ 
2024-02-24 13:47:42,534 INFO  [Log] **************************************************************************************** 
2024-02-24 13:47:42,534 INFO  [Log] **************************************************************************************** 
2024-02-24 13:47:42,534 INFO  [Log] My test case is executing 
2024-02-24 13:47:42,534 INFO  [Log] I am testing log4j functionality 
2024-02-24 13:47:42,660 INFO  [Log] XXXXXXXXXXXXXXXXXXXXXXX             -E---N---D-             XXXXXXXXXXXXXXXXXXXXXX 
2024-02-24 13:47:42,660 INFO  [Log] X 
2024-02-24 13:47:42,660 INFO  [Log] X 
2024-02-24 13:47:42,660 INFO  [Log] X 
2024-02-24 13:47:42,660 INFO  [Log] X 
2024-02-24 13:57:34,305 INFO  [Log] **************************************************************************************** 
2024-02-24 13:57:34,306 INFO  [Log] **************************************************************************************** 
2024-02-24 13:57:34,308 INFO  [Log] $$$$$$$$$$$$$$$$$$$$$                 My login test case       $$$$$$$$$$$$$$$$$$$$$$$$$ 
2024-02-24 13:57:34,309 INFO  [Log] **************************************************************************************** 
2024-02-24 13:57:34,309 INFO  [Log] **************************************************************************************** 
2024-02-24 13:57:34,309 INFO  [Log] My test case is executing 
2024-02-24 13:57:34,309 INFO  [Log] I am testing log4j functionality 
2024-02-24 13:57:34,430 INFO  [Log] XXXXXXXXXXXXXXXXXXXXXXX             -E---N---D-             XXXXXXXXXXXXXXXXXXXXXX 
2024-02-24 13:57:34,430 INFO  [Log] X 
2024-02-24 13:57:34,430 INFO  [Log] X 
2024-02-24 13:57:34,430 INFO  [Log] X 
2024-02-24 13:57:34,430 INFO  [Log] X 
2024-02-24 13:58:54,020 INFO  [Log] **************************************************************************************** 
2024-02-24 13:58:54,021 INFO  [Log] **************************************************************************************** 
2024-02-24 13:58:54,025 INFO  [Log] $$$$$$$$$$$$$$$$$$$$$                 My login test case       $$$$$$$$$$$$$$$$$$$$$$$$$ 
2024-02-24 13:58:54,025 INFO  [Log] **************************************************************************************** 
2024-02-24 13:58:54,025 INFO  [Log] **************************************************************************************** 
2024-02-24 13:58:54,025 INFO  [Log] My test case is executing 
2024-02-24 13:58:54,025 INFO  [Log] I am testing log4j functionality 
2024-02-24 13:58:54,157 INFO  [Log] XXXXXXXXXXXXXXXXXXXXXXX             -E---N---D-             XXXXXXXXXXXXXXXXXXXXXX 
2024-02-24 13:58:54,157 INFO  [Log] X 
2024-02-24 13:58:54,157 INFO  [Log] X 
2024-02-24 13:58:54,157 INFO  [Log] X 
2024-02-24 13:58:54,157 INFO  [Log] X 
2024-02-24 14:09:09,847 INFO  [Log] **************************************************************************************** 
2024-02-24 14:09:09,847 INFO  [Log] **************************************************************************************** 
2024-02-24 14:09:09,851 INFO  [Log] $$$$$$$$$$$$$$$$$$$$$                 My login test case       $$$$$$$$$$$$$$$$$$$$$$$$$ 
2024-02-24 14:09:09,851 INFO  [Log] **************************************************************************************** 
2024-02-24 14:09:09,851 INFO  [Log] **************************************************************************************** 
2024-02-24 14:09:09,851 INFO  [Log] My test case is executing 
2024-02-24 14:09:09,851 INFO  [Log] I am testing log4j functionality 
2024-02-24 14:09:09,976 INFO  [Log] XXXXXXXXXXXXXXXXXXXXXXX             -E---N---D-             XXXXXXXXXXXXXXXXXXXXXX 
2024-02-24 14:09:09,976 INFO  [Log] X 
2024-02-24 14:09:09,976 INFO  [Log] X 
2024-02-24 14:09:09,976 INFO  [Log] X 
2024-02-24 14:09:09,976 INFO  [Log] X 
2024-02-24 14:15:12,364 INFO  [Log] **************************************************************************************** 
2024-02-24 14:15:12,364 INFO  [Log] **************************************************************************************** 
2024-02-24 14:15:12,368 INFO  [Log] $$$$$$$$$$$$$$$$$$$$$                 My login test case       $$$$$$$$$$$$$$$$$$$$$$$$$ 
2024-02-24 14:15:12,368 INFO  [Log] **************************************************************************************** 
2024-02-24 14:15:12,368 INFO  [Log] **************************************************************************************** 
2024-02-24 14:15:12,368 INFO  [Log] My test case is executing 
2024-02-24 14:15:12,368 INFO  [Log] I am testing log4j functionality 
2024-02-24 14:15:12,504 INFO  [Log] XXXXXXXXXXXXXXXXXXXXXXX             -E---N---D-             XXXXXXXXXXXXXXXXXXXXXX 
2024-02-24 14:15:12,504 INFO  [Log] X 
2024-02-24 14:15:12,504 INFO  [Log] X 
2024-02-24 14:15:12,504 INFO  [Log] X 
2024-02-24 14:15:12,504 INFO  [Log] X 
2024-02-24 14:34:20,672 INFO  [Log] **************************************************************************************** 
2024-02-24 14:34:20,672 INFO  [Log] **************************************************************************************** 
2024-02-24 14:34:20,675 INFO  [Log] $$$$$$$$$$$$$$$$$$$$$                 My login test case       $$$$$$$$$$$$$$$$$$$$$$$$$ 
2024-02-24 14:34:20,675 INFO  [Log] **************************************************************************************** 
2024-02-24 14:34:20,675 INFO  [Log] **************************************************************************************** 
2024-02-24 14:34:20,675 INFO  [Log] My test case is executing 
2024-02-24 14:34:20,675 INFO  [Log] I am testing log4j functionality 
2024-02-24 14:34:20,798 INFO  [Log] XXXXXXXXXXXXXXXXXXXXXXX             -E---N---D-             XXXXXXXXXXXXXXXXXXXXXX 
2024-02-24 14:34:20,798 INFO  [Log] X 
2024-02-24 14:34:20,798 INFO  [Log] X 
2024-02-24 14:34:20,798 INFO  [Log] X 
2024-02-24 14:34:20,798 INFO  [Log] X 
2024-02-24 14:35:19,813 INFO  [Log] **************************************************************************************** 
2024-02-24 14:35:19,814 INFO  [Log] **************************************************************************************** 
2024-02-24 14:35:19,817 INFO  [Log] $$$$$$$$$$$$$$$$$$$$$                 My login test case       $$$$$$$$$$$$$$$$$$$$$$$$$ 
2024-02-24 14:35:19,818 INFO  [Log] **************************************************************************************** 
2024-02-24 14:35:19,818 INFO  [Log] **************************************************************************************** 
2024-02-24 14:35:19,818 INFO  [Log] My test case is executing 
2024-02-24 14:35:19,818 INFO  [Log] I am testing log4j functionality 
2024-02-24 14:35:19,959 INFO  [Log] XXXXXXXXXXXXXXXXXXXXXXX             -E---N---D-             XXXXXXXXXXXXXXXXXXXXXX 
2024-02-24 14:35:19,959 INFO  [Log] X 
2024-02-24 14:35:19,959 INFO  [Log] X 
2024-02-24 14:35:19,959 INFO  [Log] X 
2024-02-24 14:35:19,959 INFO  [Log] X 
2024-02-24 14:36:39,208 INFO  [Log] **************************************************************************************** 
2024-02-24 14:36:39,208 INFO  [Log] **************************************************************************************** 
2024-02-24 14:36:39,211 INFO  [Log] $$$$$$$$$$$$$$$$$$$$$                 My login test case       $$$$$$$$$$$$$$$$$$$$$$$$$ 
2024-02-24 14:36:39,211 INFO  [Log] **************************************************************************************** 
2024-02-24 14:36:39,211 INFO  [Log] **************************************************************************************** 
2024-02-24 14:36:39,211 INFO  [Log] My test case is executing 
2024-02-24 14:36:39,211 INFO  [Log] I am testing log4j functionality 
2024-02-24 14:36:39,335 INFO  [Log] XXXXXXXXXXXXXXXXXXXXXXX             -E---N---D-             XXXXXXXXXXXXXXXXXXXXXX 
2024-02-24 14:36:39,335 INFO  [Log] X 
2024-02-24 14:36:39,335 INFO  [Log] X 
2024-02-24 14:36:39,335 INFO  [Log] X 
2024-02-24 14:36:39,335 INFO  [Log] X 
2024-02-24 14:39:44,367 INFO  [Log] **************************************************************************************** 
2024-02-24 14:39:44,367 INFO  [Log] **************************************************************************************** 
2024-02-24 14:39:44,369 INFO  [Log] $$$$$$$$$$$$$$$$$$$$$                 My login test case       $$$$$$$$$$$$$$$$$$$$$$$$$ 
2024-02-24 14:39:44,369 INFO  [Log] **************************************************************************************** 
2024-02-24 14:39:44,369 INFO  [Log] **************************************************************************************** 
2024-02-24 14:39:44,369 INFO  [Log] My test case is executing 
2024-02-24 14:39:44,369 INFO  [Log] I am testing log4j functionality 
2024-02-24 14:39:44,501 INFO  [Log] XXXXXXXXXXXXXXXXXXXXXXX             -E---N---D-             XXXXXXXXXXXXXXXXXXXXXX 
2024-02-24 14:39:44,501 INFO  [Log] X 
2024-02-24 14:39:44,501 INFO  [Log] X 
2024-02-24 14:39:44,501 INFO  [Log] X 
2024-02-24 14:39:44,501 INFO  [Log] X 
2024-02-24 14:50:17,884 INFO  [Log] **************************************************************************************** 
2024-02-24 14:50:17,884 INFO  [Log] **************************************************************************************** 
2024-02-24 14:50:17,888 INFO  [Log] $$$$$$$$$$$$$$$$$$$$$                 My login test case       $$$$$$$$$$$$$$$$$$$$$$$$$ 
2024-02-24 14:50:17,888 INFO  [Log] **************************************************************************************** 
2024-02-24 14:50:17,888 INFO  [Log] **************************************************************************************** 
2024-02-24 14:50:17,888 INFO  [Log] My test case is executing 
2024-02-24 14:50:17,888 INFO  [Log] I am testing log4j functionality 
2024-02-24 14:50:18,066 INFO  [Log] XXXXXXXXXXXXXXXXXXXXXXX             -E---N---D-             XXXXXXXXXXXXXXXXXXXXXX 
2024-02-24 14:50:18,066 INFO  [Log] X 
2024-02-24 14:50:18,066 INFO  [Log] X 
2024-02-24 14:50:18,066 INFO  [Log] X 
2024-02-24 14:50:18,066 INFO  [Log] X 
2024-02-24 15:31:14,690 INFO  [Log] **************************************************************************************** 
2024-02-24 15:31:14,691 INFO  [Log] **************************************************************************************** 
2024-02-24 15:31:14,693 INFO  [Log] $$$$$$$$$$$$$$$$$$$$$                 My login test case       $$$$$$$$$$$$$$$$$$$$$$$$$ 
2024-02-24 15:31:14,693 INFO  [Log] **************************************************************************************** 
2024-02-24 15:31:14,693 INFO  [Log] **************************************************************************************** 
2024-02-24 15:31:14,693 INFO  [Log] My test case is executing 
2024-02-24 15:31:14,693 INFO  [Log] I am testing log4j functionality 
2024-02-24 15:31:14,813 INFO  [Log] XXXXXXXXXXXXXXXXXXXXXXX             -E---N---D-             XXXXXXXXXXXXXXXXXXXXXX 
2024-02-24 15:31:14,813 INFO  [Log] X 
2024-02-24 15:31:14,813 INFO  [Log] X 
2024-02-24 15:31:14,813 INFO  [Log] X 
2024-02-24 15:31:14,813 INFO  [Log] X 
2024-02-24 15:35:06,975 INFO  [Log] **************************************************************************************** 
2024-02-24 15:35:06,976 INFO  [Log] **************************************************************************************** 
2024-02-24 15:35:06,980 INFO  [Log] $$$$$$$$$$$$$$$$$$$$$                 My login test case       $$$$$$$$$$$$$$$$$$$$$$$$$ 
2024-02-24 15:35:06,980 INFO  [Log] **************************************************************************************** 
2024-02-24 15:35:06,980 INFO  [Log] **************************************************************************************** 
2024-02-24 15:35:06,980 INFO  [Log] My test case is executing 
2024-02-24 15:35:06,980 INFO  [Log] I am testing log4j functionality 
2024-02-24 15:35:07,104 INFO  [Log] XXXXXXXXXXXXXXXXXXXXXXX             -E---N---D-             XXXXXXXXXXXXXXXXXXXXXX 
2024-02-24 15:35:07,104 INFO  [Log] X 
2024-02-24 15:35:07,104 INFO  [Log] X 
2024-02-24 15:35:07,104 INFO  [Log] X 
2024-02-24 15:35:07,104 INFO  [Log] X 
2024-02-24 17:20:58,106 INFO  [Log] **************************************************************************************** 
2024-02-24 17:20:58,106 INFO  [Log] **************************************************************************************** 
2024-02-24 17:20:58,111 INFO  [Log] $$$$$$$$$$$$$$$$$$$$$                 My login test case       $$$$$$$$$$$$$$$$$$$$$$$$$ 
2024-02-24 17:20:58,112 INFO  [Log] **************************************************************************************** 
2024-02-24 17:20:58,112 INFO  [Log] **************************************************************************************** 
2024-02-24 17:20:58,112 INFO  [Log] My test case is executing 
2024-02-24 17:20:58,112 INFO  [Log] I am testing log4j functionality 
2024-02-24 17:20:58,310 INFO  [Log] XXXXXXXXXXXXXXXXXXXXXXX             -E---N---D-             XXXXXXXXXXXXXXXXXXXXXX 
2024-02-24 17:20:58,310 INFO  [Log] X 
2024-02-24 17:20:58,310 INFO  [Log] X 
2024-02-24 17:20:58,310 INFO  [Log] X 
2024-02-24 17:20:58,310 INFO  [Log] X 
2024-03-01 15:12:08,709 INFO  [Log] **************************************************************************************** 
2024-03-01 15:12:08,710 INFO  [Log] **************************************************************************************** 
2024-03-01 15:12:08,714 INFO  [Log] $$$$$$$$$$$$$$$$$$$$$                 My login test case       $$$$$$$$$$$$$$$$$$$$$$$$$ 
2024-03-01 15:12:08,714 INFO  [Log] **************************************************************************************** 
2024-03-01 15:12:08,714 INFO  [Log] **************************************************************************************** 
2024-03-01 15:12:08,714 INFO  [Log] My test case is executing 
2024-03-01 15:12:08,714 INFO  [Log] I am testing log4j functionality 
2024-03-01 15:12:08,843 INFO  [Log] XXXXXXXXXXXXXXXXXXXXXXX             -E---N---D-             XXXXXXXXXXXXXXXXXXXXXX 
2024-03-01 15:12:08,843 INFO  [Log] X 
2024-03-01 15:12:08,843 INFO  [Log] X 
2024-03-01 15:12:08,843 INFO  [Log] X 
2024-03-01 15:12:08,843 INFO  [Log] X 
2024-03-12 20:05:26,259 INFO  [Log] **************************************************************************************** 
2024-03-12 20:05:26,259 INFO  [Log] **************************************************************************************** 
2024-03-12 20:05:26,262 INFO  [Log] $$$$$$$$$$$$$$$$$$$$$                 My login test case       $$$$$$$$$$$$$$$$$$$$$$$$$ 
2024-03-12 20:05:26,263 INFO  [Log] **************************************************************************************** 
2024-03-12 20:05:26,263 INFO  [Log] **************************************************************************************** 
2024-03-12 20:05:26,263 INFO  [Log] My test case is executing 
2024-03-12 20:05:26,263 INFO  [Log] I am testing log4j functionality 
2024-03-12 20:05:26,407 INFO  [Log] XXXXXXXXXXXXXXXXXXXXXXX             -E---N---D-             XXXXXXXXXXXXXXXXXXXXXX 
2024-03-12 20:05:26,407 INFO  [Log] X 
2024-03-12 20:05:26,407 INFO  [Log] X 
2024-03-12 20:05:26,407 INFO  [Log] X 
2024-03-12 20:05:26,407 INFO  [Log] X 
2024-03-12 21:05:18,416 INFO  [Log] **************************************************************************************** 
2024-03-12 21:05:18,416 INFO  [Log] **************************************************************************************** 
2024-03-12 21:05:18,423 INFO  [Log] $$$$$$$$$$$$$$$$$$$$$                 My login test case       $$$$$$$$$$$$$$$$$$$$$$$$$ 
2024-03-12 21:05:18,423 INFO  [Log] **************************************************************************************** 
2024-03-12 21:05:18,423 INFO  [Log] **************************************************************************************** 
2024-03-12 21:05:18,423 INFO  [Log] My test case is executing 
2024-03-12 21:05:18,423 INFO  [Log] I am testing log4j functionality 
2024-03-12 21:05:18,557 INFO  [Log] XXXXXXXXXXXXXXXXXXXXXXX             -E---N---D-             XXXXXXXXXXXXXXXXXXXXXX 
2024-03-12 21:05:18,557 INFO  [Log] X 
2024-03-12 21:05:18,557 INFO  [Log] X 
2024-03-12 21:05:18,557 INFO  [Log] X 
2024-03-12 21:05:18,557 INFO  [Log] X 
2024-03-12 21:21:40,535 INFO  [Log] **************************************************************************************** 
2024-03-12 21:21:40,535 INFO  [Log] **************************************************************************************** 
2024-03-12 21:21:40,538 INFO  [Log] $$$$$$$$$$$$$$$$$$$$$                 My login test case       $$$$$$$$$$$$$$$$$$$$$$$$$ 
2024-03-12 21:21:40,538 INFO  [Log] **************************************************************************************** 
2024-03-12 21:21:40,538 INFO  [Log] **************************************************************************************** 
2024-03-12 21:21:40,538 INFO  [Log] My test case is executing 
2024-03-12 21:21:40,538 INFO  [Log] I am testing log4j functionality 
2024-03-12 21:21:40,678 INFO  [Log] XXXXXXXXXXXXXXXXXXXXXXX             -E---N---D-             XXXXXXXXXXXXXXXXXXXXXX 
2024-03-12 21:21:40,678 INFO  [Log] X 
2024-03-12 21:21:40,678 INFO  [Log] X 
2024-03-12 21:21:40,678 INFO  [Log] X 
2024-03-12 21:21:40,678 INFO  [Log] X 
